0 info it worked if it ends with ok
1 verbose cli [ '/usr/bin/node',
1 verbose cli   '/usr/bin/npm',
1 verbose cli   'install',
1 verbose cli   '--save',
1 verbose cli   'https://github.com/availabs/GTFS-Realtim_Toolkit/tarball/master' ]
2 info using npm@1.4.28
3 info using node@v0.10.40
4 verbose node symlink /usr/bin/node
5 verbose readDependencies using package.json deps
6 verbose cache add [ 'https://github.com/availabs/GTFS-Realtim_Toolkit/tarball/master',
6 verbose cache add   null ]
7 verbose cache add name=undefined spec="https://github.com/availabs/GTFS-Realtim_Toolkit/tarball/master" args=["https://github.com/availabs/GTFS-Realtim_Toolkit/tarball/master",null]
8 verbose parsed url { protocol: 'https:',
8 verbose parsed url   slashes: true,
8 verbose parsed url   auth: null,
8 verbose parsed url   host: 'github.com',
8 verbose parsed url   port: null,
8 verbose parsed url   hostname: 'github.com',
8 verbose parsed url   hash: null,
8 verbose parsed url   search: null,
8 verbose parsed url   query: null,
8 verbose parsed url   pathname: '/availabs/GTFS-Realtim_Toolkit/tarball/master',
8 verbose parsed url   path: '/availabs/GTFS-Realtim_Toolkit/tarball/master',
8 verbose parsed url   href: 'https://github.com/availabs/GTFS-Realtim_Toolkit/tarball/master' }
9 silly lockFile a2a6f3d3-S-Realtim-Toolkit-tarball-master https://github.com/availabs/GTFS-Realtim_Toolkit/tarball/master
10 verbose lock https://github.com/availabs/GTFS-Realtim_Toolkit/tarball/master /home/paul/.npm/a2a6f3d3-S-Realtim-Toolkit-tarball-master.lock
11 verbose addRemoteTarball [ 'https://github.com/availabs/GTFS-Realtim_Toolkit/tarball/master',
11 verbose addRemoteTarball   null ]
12 info retry fetch attempt 1 at 23:35:35
13 verbose fetch to= /tmp/npm-4944-eoR5yZ5M/github.com/availabs/GTFS-Realtim_Toolkit/tarball/master
14 http GET https://github.com/availabs/GTFS-Realtim_Toolkit/tarball/master
15 http 404 https://github.com/availabs/GTFS-Realtim_Toolkit/tarball/master
16 error fetch failed https://github.com/availabs/GTFS-Realtim_Toolkit/tarball/master
17 silly lockFile a2a6f3d3-S-Realtim-Toolkit-tarball-master https://github.com/availabs/GTFS-Realtim_Toolkit/tarball/master
18 silly lockFile a2a6f3d3-S-Realtim-Toolkit-tarball-master https://github.com/availabs/GTFS-Realtim_Toolkit/tarball/master
19 error Error: 404 Not Found
19 error     at WriteStream.<anonymous> (/usr/lib/node_modules/npm/lib/utils/fetch.js:58:12)
19 error     at WriteStream.emit (events.js:117:20)
19 error     at evalmachine.<anonymous>:1610:14
19 error     at /usr/lib/node_modules/npm/node_modules/graceful-fs/graceful-fs.js:102:5
19 error     at Object.oncomplete (evalmachine.<anonymous>:108:15)
20 error If you need help, you may report this *entire* log,
20 error including the npm and node versions, at:
20 error     <http://github.com/npm/npm/issues>
21 error System Linux 3.16.0-031600-generic
22 error command "/usr/bin/node" "/usr/bin/npm" "install" "--save" "https://github.com/availabs/GTFS-Realtim_Toolkit/tarball/master"
23 error cwd /home/paul/AVAIL/GTFSr_to_SIRI/MTA_Subway_GTFS-Realtime_Toolkit
24 error node -v v0.10.40
25 error npm -v 1.4.28
26 verbose exit [ 1, true ]
